[2026-02-25T13:52:12.612Z] INFO: Mongoose connected to MongoDB
[2026-02-25T13:52:12.631Z] INFO: MongoDB connected: mongodb
[2026-02-25T13:59:53.783Z] INFO: Mongoose connected to MongoDB
[2026-02-25T13:59:53.794Z] INFO: MongoDB connected: mongodb
[2026-02-25T14:12:31.622Z] INFO: Mongoose connected to MongoDB
[2026-02-25T14:12:31.654Z] INFO: MongoDB connected: mongodb
[2026-02-25T14:37:18.643Z] INFO: New user registered: testuser@example.com
[2026-02-25T14:39:57.057Z] INFO: Mongoose connected to MongoDB
[2026-02-25T14:39:57.076Z] INFO: MongoDB connected: mongodb
[2026-02-25T15:13:49.600Z] INFO: Mongoose connected to MongoDB
[2026-02-25T15:13:49.617Z] INFO: MongoDB connected: mongodb
[2026-02-25T15:21:02.600Z] INFO: Mongoose connected to MongoDB
[2026-02-25T15:21:02.615Z] INFO: MongoDB connected: mongodb
[2026-02-25T15:29:07.786Z] INFO: User logged in: testuser@example.com
[2026-02-25T15:31:16.437Z] INFO: Mongoose connected to MongoDB
[2026-02-25T15:31:16.446Z] INFO: MongoDB connected: mongodb
[2026-02-25T15:31:39.557Z] INFO: Login attempt identifier: 1234567890 - userFound: true
[2026-02-25T15:31:39.696Z] INFO: User logged in: 1234567890
[2026-02-25T16:06:43.582Z] INFO: Login attempt identifier: manager@mazuri.com - userFound: true
[2026-02-25T16:06:43.741Z] INFO: User logged in: manager@mazuri.com
[2026-02-27T14:24:44.220Z] WARN: Mongoose disconnected from MongoDB
[2026-02-27T14:26:46.848Z] INFO: Mongoose connected to MongoDB
[2026-02-27T14:26:46.865Z] INFO: MongoDB connected: mongodb
[2026-02-27T14:27:48.542Z] INFO: Mongoose connected to MongoDB
[2026-02-27T14:27:48.552Z] INFO: MongoDB connected: mongodb
[2026-03-03T11:21:50.944Z] WARN: Mongoose disconnected from MongoDB
[2026-03-03T11:43:28.829Z] INFO: Mongoose connected to MongoDB
[2026-03-03T11:43:28.871Z] INFO: MongoDB connected: localhost
[2026-03-03T11:51:49.569Z] INFO: Mongoose connected to MongoDB
[2026-03-03T11:51:49.723Z] INFO: MongoDB connected: localhost
[2026-03-03T15:57:36.289Z] INFO: Mongoose connected to MongoDB
[2026-03-03T15:57:36.295Z] INFO: MongoDB connected: mongodb
